[2022-04-29T20:04:56.166932+02:00] person-logger.WARNING: del {"method":"delete"} []
[2022-04-29T20:09:06.630456+02:00] person-logger.WARNING: del {"method":"delete"} []
[2022-04-29T20:10:22.070119+02:00] person-logger.WARNING: del {"firstname":"Bill","lastname":"Gates","firstparent_id":"4","secondparent_id":"5"} []
[2022-04-29T20:10:22.070384+02:00] person-logger.WARNING: addUser {"content":"application/x-www-form-urlencoded"} []
[2022-04-29T20:10:34.548187+02:00] person-logger.WARNING: del {"firstname":"Bill","lastname":"Gates","firstparent_id":"","secondparent_id":"5"} []
[2022-04-29T20:10:34.548409+02:00] person-logger.WARNING: addUser {"content":"application/x-www-form-urlencoded"} []
[2022-04-29T20:11:04.186874+02:00] person-logger.WARNING: del {"firstname":"Elon","lastname":"Musk","firstparent_id":"22","secondparent_id":"","method":"put"} []
[2022-04-29T20:11:24.031845+02:00] person-logger.WARNING: del {"firstname":"Elon","lastname":"Musk","firstparent_id":"2","secondparent_id":"","method":"put"} []
[2022-04-29T20:11:43.869005+02:00] person-logger.WARNING: del {"firstname":"Linus","lastname":"Torvalds","firstparent_id":"2","secondparent_id":"","method":"put"} []
[2022-04-29T20:12:28.285032+02:00] person-logger.WARNING: del {"firstname":"Linus","lastname":"Musk","firstparent_id":"","secondparent_id":"","method":"put"} []
[2022-04-29T20:12:47.667614+02:00] person-logger.WARNING: del {"firstname":"Elon","lastname":"Gates","firstparent_id":"","secondparent_id":"4","method":"put"} []
[2022-04-29T20:13:01.743925+02:00] person-logger.WARNING: del {"method":"delete"} []
[2022-04-29T20:41:31.797851+02:00] person-logger.WARNING: del {"firstname":"Linus","lastname":"Gates","firstparent_id":"","secondparent_id":""} []
[2022-04-29T20:41:31.798005+02:00] person-logger.WARNING: addUser {"content":"application/x-www-form-urlencoded"} []
[2022-04-29T20:41:52.213796+02:00] person-logger.WARNING: del {"method":"delete"} []
[2022-04-29T21:00:24.363418+02:00] person-logger.WARNING: del {"method":"delete"} []
[2022-04-29T21:00:26.821193+02:00] person-logger.WARNING: del {"method":"delete"} []
[2022-04-29T21:03:57.385504+02:00] person-logger.WARNING: del [] []
[2022-04-29T21:03:57.385890+02:00] person-logger.WARNING: addUser {"content":"application/json"} []
[2022-04-29T22:26:25.723640+02:00] person-logger.WARNING: input {"firstname":"Linus","lastname":"Musk","firstparent_id":21,"secondparent_id":null,"method":"put"} []
[2022-04-29T22:28:13.201806+02:00] person-logger.WARNING: input {"firstname":"Linus","lastname":"Musk","firstparent_id":23,"secondparent_id":null,"method":"put"} []
